Build started 10/31/17 08:54:02.
     1>Project "C:\Users\Microsoft\Documents\of_v0.9.8_vs_release\of_v0.9.8_vs_release\apps\myApps\ShowMeWhatYou_veGot\ShowMeWhatYou_veGot.vcxproj" on node 2 (Build target(s)).
     1>Link:
         C:\Program Files (x86)\Microsoft Visual Studio 14.0\VC\bin\link.exe /ERRORREPORT:PROMPT /OUT:"bin\ShowMeWhatYou_veGot_debug.exe" /INCREMENTAL /NOLOGO /LIBPATH:C:\Users\Microsoft\Documents\of_v0.9.8_vs_release\of_v0.9.8_vs_release\libs\openFrameworksCompiled\project\vs\\..\..\..\..\\libs\glut\lib\vs\Win32 /LIBPATH:C:\Users\Microsoft\Documents\of_v0.9.8_vs_release\of_v0.9.8_vs_release\libs\openFrameworksCompiled\project\vs\\..\..\..\..\\libs\glfw\lib\vs\Win32 /LIBPATH:C:\Users\Microsoft\Documents\of_v0.9.8_vs_release\of_v0.9.8_vs_release\libs\openFrameworksCompiled\project\vs\\..\..\..\..\\libs\rtAudio\lib\vs\Win32 /LIBPATH:C:\Users\Microsoft\Documents\of_v0.9.8_vs_release\of_v0.9.8_vs_release\libs\openFrameworksCompiled\project\vs\\..\..\..\..\\libs\FreeImage\lib\vs\Win32 /LIBPATH:C:\Users\Microsoft\Documents\of_v0.9.8_vs_release\of_v0.9.8_vs_release\libs\openFrameworksCompiled\project\vs\\..\..\..\..\\libs\freetype\lib\vs\Win32 /LIBPATH:C:\Users\Microsoft\Documents\of_v0.9.8_vs_release\of_v0.9.8_vs_release\libs\openFrameworksCompiled\project\vs\\..\..\..\..\\libs\quicktime\lib\vs\Win32 /LIBPATH:C:\Users\Microsoft\Documents\of_v0.9.8_vs_release\of_v0.9.8_vs_release\libs\openFrameworksCompiled\project\vs\\..\..\..\..\\libs\fmodex\lib\vs\Win32 /LIBPATH:C:\Users\Microsoft\Documents\of_v0.9.8_vs_release\of_v0.9.8_vs_release\libs\openFrameworksCompiled\project\vs\\..\..\..\..\\libs\videoInput\lib\vs\Win32 /LIBPATH:C:\Users\Microsoft\Documents\of_v0.9.8_vs_release\of_v0.9.8_vs_release\libs\openFrameworksCompiled\project\vs\\..\..\..\..\\libs\cairo\lib\vs\Win32 /LIBPATH:C:\Users\Microsoft\Documents\of_v0.9.8_vs_release\of_v0.9.8_vs_release\libs\openFrameworksCompiled\project\vs\\..\..\..\..\\libs\glew\lib\vs\Win32 /LIBPATH:C:\Users\Microsoft\Documents\of_v0.9.8_vs_release\of_v0.9.8_vs_release\libs\openFrameworksCompiled\project\vs\\..\..\..\..\\libs\glu\lib\vs\Win32 /LIBPATH:C:\Users\Microsoft\Documents\of_v0.9.8_vs_release\of_v0.9.8_vs_release\libs\openFrameworksCompiled\project\vs\\..\..\..\..\\libs\openssl\lib\vs\Win32 /LIBPATH:C:\Users\Microsoft\Documents\of_v0.9.8_vs_release\of_v0.9.8_vs_release\libs\openFrameworksCompiled\project\vs\\..\..\..\..\\libs\Poco\lib\vs\Win32 /LIBPATH:C:\Users\Microsoft\Documents\of_v0.9.8_vs_release\of_v0.9.8_vs_release\libs\openFrameworksCompiled\project\vs\\..\..\..\..\\libs\tess2\lib\vs\Win32 /LIBPATH:C:\Users\Microsoft\Documents\of_v0.9.8_vs_release\of_v0.9.8_vs_release\libs\openFrameworksCompiled\project\vs\\..\..\..\..\\libs\boost\lib\vs\Win32 /LIBPATH:..\..\..\addons\ofxOpenCv\libs\opencv\lib\vs\Win32\Debug "cairo-static.lib" "pixman-1.lib" libpng.lib msimg32.lib OpenGL32.lib GLu32.lib kernel32.lib setupapi.lib Vfw32.lib comctl32.lib glut32.lib rtAudioD.lib videoInputD.lib libfreetype.lib FreeImage.lib qtmlClient.lib dsound.lib user32.lib gdi32.lib winspool.lib comdlg32.lib advapi32.lib shell32.lib ole32.lib oleaut32.lib uuid.lib glew32s.lib fmodex_vc.lib glu32.lib ssleay32MD.lib libeay32MD.lib crypt32.lib PocoFoundationmdd.lib PocoNetmdd.lib PocoUtilmdd.lib PocoXMLmdd.lib Ws2_32.lib tess2.lib glfw3.lib winmm.lib kernel32.lib user32.lib gdi32.lib winspool.lib comdlg32.lib advapi32.lib shell32.lib ole32.lib oleaut32.lib uuid.lib odbc32.lib odbccp32.lib opencv_calib3d249d.lib opencv_contrib249d.lib opencv_core249d.lib opencv_features2d249d.lib opencv_flann249d.lib opencv_gpu249d.lib opencv_highgui249d.lib opencv_imgproc249d.lib opencv_legacy249d.lib opencv_ml249d.lib opencv_nonfree249d.lib opencv_objdetect249d.lib opencv_photo249d.lib opencv_stitching249d.lib opencv_superres249d.lib opencv_ts249d.lib opencv_video249d.lib opencv_videostab249d.lib zlibd.lib /NODEFAULTLIB:PocoFoundationmdd.lib /NODEFAULTLIB:atlthunk.lib /NODEFAULTLIB:msvcrt /NODEFAULTLIB:libcmt /NODEFAULTLIB:LIBC /NODEFAULTLIB:LIBCMTD /MANIFEST /MANIFESTUAC:"level='asInvoker' uiAccess='false'" /manifest:embed /Debug /PDB:"bin\ShowMeWhatYou_veGot_debug.pdb" /SUBSYSTEM:CONSOLE /TLBID:1 /DYNAMICBASE:NO /NXCOMPAT /IMPLIB:"bin\ShowMeWhatYou_veGot_debug.lib" /MACHINE:X86 /SAFESEH /ignore:4099 obj\Debug\icon.res
         obj\Debug\main.obj
         obj\Debug\ofApp.obj
         obj\Debug\ofxCvColorImage.obj
         obj\Debug\ofxCvContourFinder.obj
         obj\Debug\ofxCvFloatImage.obj
         obj\Debug\ofxCvGrayscaleImage.obj
         obj\Debug\ofxCvHaarFinder.obj
         obj\Debug\ofxCvImage.obj
         obj\Debug\ofxCvShortImage.obj
         C:\Users\Microsoft\Documents\of_v0.9.8_vs_release\of_v0.9.8_vs_release\libs\openFrameworksCompiled\lib\vs\Win32\openframeworksLib_debug.lib
         ShowMeWhatYou_veGot.vcxproj -> C:\Users\Microsoft\Documents\of_v0.9.8_vs_release\of_v0.9.8_vs_release\apps\myApps\ShowMeWhatYou_veGot\bin\ShowMeWhatYou_veGot_debug.exe
       PostBuildEvent:
         robocopy "C:\Users\Microsoft\Documents\of_v0.9.8_vs_release\of_v0.9.8_vs_release\libs\openFrameworksCompiled\project\vs\\..\..\..\..\/export/vs/Win32/" "C:\Users\Microsoft\Documents\of_v0.9.8_vs_release\of_v0.9.8_vs_release\apps\myApps\ShowMeWhatYou_veGot\bin/" "*.dll" /njs /njh /np /fp /bytes
         if errorlevel 1 exit 0 else exit %errorlevel%
         :VCEnd
         
         	                   9	C:\Users\Microsoft\Documents\of_v0.9.8_vs_release\of_v0.9.8_vs_release\export\vs\Win32\
     1>Done Building Project "C:\Users\Microsoft\Documents\of_v0.9.8_vs_release\of_v0.9.8_vs_release\apps\myApps\ShowMeWhatYou_veGot\ShowMeWhatYou_veGot.vcxproj" (Build target(s)).

Build succeeded.

Time Elapsed 00:00:00.88
